<?xml version="1.0" encoding="UTF-8"?>
<!-- Generated by org.testng.reporters.JUnitReportReporter -->
<testsuite skipped="0" hostname="VaishuLaptop" name="mobile.test.AppiumTest" tests="2" failures="0" timestamp="2021-07-07T22:21:20 EDT" time="0.011" errors="0">
  <testcase name="sampleTest" time="0.002" classname="mobile.test.AppiumTest"/>
  <system-out/>
  <testcase name="sampleTest" time="0.009" classname="mobile.test.AppiumTest"/>
  <system-out/>
</testsuite> <!-- mobile.test.AppiumTest -->
