<?xml version="1.0" encoding="UTF-8"?>
<!-- Generated by org.testng.reporters.JUnitReportReporter -->
<testsuite skipped="0" hostname="VaishuLaptop" name="alarm.Tests.AlarmTest" tests="1" failures="0" timestamp="2021-07-08T19:02:24 EDT" time="13.245" errors="0">
  <testcase name="setTimer" time="13.245" classname="alarm.Tests.AlarmTest"/>
  <system-out>
    <![CDATA[Clicking on: Located by By.chained({By.AccessibilityId: Timer})
Get text - Attribute from Located by By.chained({By.id: action_bar_title})
<a href='C:\Users\vishn\eclipse-workspace\AppiumAutomation\Screenshots\2021-07-08-19-01-55\TimerHome_2021-07-08-19-02-14.png'> <img src='C:\Users\vishn\eclipse-workspace\AppiumAutomation\Screenshots\2021-07-08-19-01-55\TimerHome_2021-07-08-19-02-14.png' height='200' width='160'/></a>
<a href='C:\Users\vishn\eclipse-workspace\AppiumAutomation\Screenshots\2021-07-08-19-01-55\AfterTimerSet_2021-07-08-19-02-23.png'> <img src='C:\Users\vishn\eclipse-workspace\AppiumAutomation\Screenshots\2021-07-08-19-01-55\AfterTimerSet_2021-07-08-19-02-23.png' height='200' width='160'/></a>]]>
  </system-out>
</testsuite> <!-- alarm.Tests.AlarmTest -->
